2010-06-13 03:02:25 Command: tic [Player: Dister (Account: 376805) X: 16247.253906 Y: 16265.583984 Z: 15.471799 Map: 1 Selected: None (Guid: 0)]
2010-06-13 03:02:26 Command: tic 1 [Player: Dister (Account: 376805) X: 16247.253906 Y: 16265.583984 Z: 15.471799 Map: 1 Selected: None (Guid: 0)]
2010-06-13 03:02:31 Command: delti 1 [Player: Dister (Account: 376805) X: 16247.253906 Y: 16265.583984 Z: 15.471799 Map: 1 Selected: None (Guid: 0)]
2010-06-13 03:02:33 Command: tic 1 [Player: Dister (Account: 376805) X: 16247.253906 Y: 16265.583984 Z: 15.471799 Map: 1 Selected: None (Guid: 0)]
2010-06-13 03:02:42 Command: delti 1 [Player: Dister (Account: 376805) X: 16247.253906 Y: 16265.583984 Z: 15.471799 Map: 1 Selected: None (Guid: 0)]
2010-06-13 03:02:43 Command: tic 1 [Player: Dister (Account: 376805) X: 16247.253906 Y: 16265.583984 Z: 15.471799 Map: 1 Selected: None (Guid: 0)]
2010-06-13 03:03:08 Command: delti 1 [Player: Dister (Account: 376805) X: 16247.253906 Y: 16265.583984 Z: 15.474337 Map: 1 Selected: None (Guid: 0)]
2010-06-13 03:03:09 Command: tic 1 [Player: Dister (Account: 376805) X: 16247.253906 Y: 16265.583984 Z: 15.474337 Map: 1 Selected: None (Guid: 0)]
2010-06-13 03:03:13 Command: delti 1 [Player: Dister (Account: 376805) X: 16247.253906 Y: 16265.583984 Z: 15.474337 Map: 1 Selected: None (Guid: 0)]
2010-06-13 03:09:16 Command: gm on [Player: Dister (Account: 376805) X: 16244.468750 Y: 16265.692383 Z: 15.098861 Map: 1 Selected: None (Guid: 0)]
2010-06-13 03:09:16 Command: gm vis off [Player: Dister (Account: 376805) X: 16244.468750 Y: 16265.692383 Z: 15.098861 Map: 1 Selected: None (Guid: 0)]
2010-06-13 03:09:16 Command: whispers off [Player: Dister (Account: 376805) X: 16244.468750 Y: 16265.692383 Z: 15.098861 Map: 1 Selected: None (Guid: 0)]
2010-06-13 03:09:16 Command: gm chat on [Player: Dister (Account: 376805) X: 16244.468750 Y: 16265.692383 Z: 15.098861 Map: 1 Selected: None (Guid: 0)]
2010-06-13 03:09:18 Command: tic 1 [Player: Dister (Account: 376805) X: 16244.468750 Y: 16265.692383 Z: 15.098861 Map: 1 Selected: None (Guid: 0)]
2010-06-13 03:09:21 Command: delti 1 [Player: Dister (Account: 376805) X: 16244.468750 Y: 16265.692383 Z: 15.098562 Map: 1 Selected: None (Guid: 0)]
2010-06-13 03:09:23 Command: tic 1 [Player: Dister (Account: 376805) X: 16244.468750 Y: 16265.692383 Z: 15.098562 Map: 1 Selected: None (Guid: 0)]
2010-06-13 03:09:25 Command: delti 1 [Player: Dister (Account: 376805) X: 16244.468750 Y: 16265.692383 Z: 15.098562 Map: 1 Selected: None (Guid: 0)]
2010-06-13 03:09:27 Command: tic 1 [Player: Dister (Account: 376805) X: 16244.468750 Y: 16265.692383 Z: 15.098562 Map: 1 Selected: None (Guid: 0)]
2010-06-13 03:09:32 Command: delti 1 [Player: Dister (Account: 376805) X: 16244.468750 Y: 16265.692383 Z: 15.098562 Map: 1 Selected: None (Guid: 0)]
2010-06-13 03:09:34 Command: tic 1 [Player: Dister (Account: 376805) X: 16244.468750 Y: 16265.692383 Z: 15.098562 Map: 1 Selected: None (Guid: 0)]
2010-06-13 03:09:37 Command: delti 1 [Player: Dister (Account: 376805) X: 16251.976562 Y: 16266.222656 Z: 15.696774 Map: 1 Selected: None (Guid: 0)]
2010-06-13 03:09:41 Command: revive Tassadar [Player: Dister (Account: 376805) X: 16251.976562 Y: 16266.222656 Z: 15.696774 Map: 1 Selected: None (Guid: 0)]
2010-06-13 03:09:41 Command: revive Tassadar [Player: Dister (Account: 376805) X: 16251.976562 Y: 16266.222656 Z: 15.696774 Map: 1 Selected: None (Guid: 0)]
2010-06-13 03:09:45 Command: tic 1 [Player: Dister (Account: 376805) X: 16251.976562 Y: 16266.222656 Z: 15.696774 Map: 1 Selected: None (Guid: 0)]
2010-06-13 03:10:03 Command: delti 1 [Player: Dister (Account: 376805) X: 16251.976562 Y: 16266.222656 Z: 15.696774 Map: 1 Selected: None (Guid: 0)]
2010-06-13 03:10:05 Command: tic 1 [Player: Dister (Account: 376805) X: 16251.976562 Y: 16266.222656 Z: 15.696774 Map: 1 Selected: None (Guid: 0)]
2010-06-13 03:10:07 Command: delti 1 [Player: Dister (Account: 376805) X: 16251.976562 Y: 16266.222656 Z: 15.696774 Map: 1 Selected: None (Guid: 0)]
2010-06-13 03:10:08 Command: tic 1 [Player: Dister (Account: 376805) X: 16251.976562 Y: 16266.222656 Z: 15.696774 Map: 1 Selected: None (Guid: 0)]
2010-06-13 03:10:11 Command: delti 1 [Player: Dister (Account: 376805) X: 16251.976562 Y: 16266.222656 Z: 15.696774 Map: 1 Selected: None (Guid: 0)]
2010-06-13 03:10:12 Command: tic 1 [Player: Dister (Account: 376805) X: 16251.976562 Y: 16266.222656 Z: 15.696774 Map: 1 Selected: None (Guid: 0)]
2010-06-13 03:10:14 Command: delti 1 [Player: Dister (Account: 376805) X: 16251.976562 Y: 16266.222656 Z: 15.696774 Map: 1 Selected: None (Guid: 0)]
2010-06-13 03:10:15 Command: tic 1 [Player: Dister (Account: 376805) X: 16251.976562 Y: 16266.222656 Z: 15.696774 Map: 1 Selected: None (Guid: 0)]
2010-06-13 03:10:18 Command: delti 1 [Player: Dister (Account: 376805) X: 16251.976562 Y: 16266.222656 Z: 15.696774 Map: 1 Selected: None (Guid: 0)]
2010-06-13 03:10:19 Command: tic 1 [Player: Dister (Account: 376805) X: 16251.976562 Y: 16266.222656 Z: 15.696774 Map: 1 Selected: None (Guid: 0)]
2010-06-13 03:10:21 Command: delti 1 [Player: Dister (Account: 376805) X: 16251.976562 Y: 16266.222656 Z: 15.696774 Map: 1 Selected: None (Guid: 0)]
2010-06-13 03:10:23 Command: tic 1 [Player: Dister (Account: 376805) X: 16251.976562 Y: 16266.222656 Z: 15.696774 Map: 1 Selected: None (Guid: 0)]
2010-06-13 03:10:25 Command: delti 1 [Player: Dister (Account: 376805) X: 16251.976562 Y: 16266.222656 Z: 15.696774 Map: 1 Selected: None (Guid: 0)]
2010-06-13 03:10:26 Command: tic 1 [Player: Dister (Account: 376805) X: 16251.976562 Y: 16266.222656 Z: 15.696774 Map: 1 Selected: None (Guid: 0)]
2010-06-13 03:10:27 Command: tic [Player: Dister (Account: 376805) X: 16251.976562 Y: 16266.222656 Z: 15.696774 Map: 1 Selected: None (Guid: 0)]
2010-06-13 03:10:33 Command: delti 1 [Player: Dister (Account: 376805) X: 16251.976562 Y: 16266.222656 Z: 15.696774 Map: 1 Selected: None (Guid: 0)]
2010-06-13 03:10:36 Command: tele stormwind [Player: Dister (Account: 376805) X: 16251.976562 Y: 16266.222656 Z: 15.696774 Map: 0 Selected: None (Guid: 0)]
2010-06-13 03:11:06 Command: namego Нашпарень [Player: Dister (Account: 376805) X: -8833.379883 Y: 628.627991 Z: 94.006599 Map: 0 Selected: None (Guid: 0)]
2010-06-13 03:11:12 Command: tic 1 [Player: Dister (Account: 376805) X: -8833.379883 Y: 628.627991 Z: 94.006599 Map: 0 Selected: None (Guid: 0)]
2010-06-13 03:11:14 Command: delti 1 [Player: Dister (Account: 376805) X: -8833.379883 Y: 628.627991 Z: 94.006599 Map: 0 Selected: None (Guid: 0)]
2010-06-13 03:11:15 Command: tic 1 [Player: Dister (Account: 376805) X: -8833.379883 Y: 628.627991 Z: 94.006599 Map: 0 Selected: None (Guid: 0)]
2010-06-13 03:11:17 Command: delti 1 [Player: Dister (Account: 376805) X: -8833.379883 Y: 628.627991 Z: 94.006599 Map: 0 Selected: None (Guid: 0)]
2010-06-13 03:11:18 Command: tic 1 [Player: Dister (Account: 376805) X: -8833.379883 Y: 628.627991 Z: 94.006599 Map: 0 Selected: None (Guid: 0)]
2010-06-13 03:11:21 Command: delti 1 [Player: Dister (Account: 376805) X: -8833.379883 Y: 628.627991 Z: 94.006599 Map: 0 Selected: None (Guid: 0)]
2010-06-13 03:11:33 Command: tic 1 [Player: Dister (Account: 376805) X: -8833.379883 Y: 628.627991 Z: 94.006599 Map: 0 Selected: None (Guid: 0)]
2010-06-13 03:11:35 Command: delti 1 [Player: Dister (Account: 376805) X: -8833.379883 Y: 628.627991 Z: 94.006599 Map: 0 Selected: None (Guid: 0)]
2010-06-13 03:11:36 Command: tic 1 [Player: Dister (Account: 376805) X: -8833.379883 Y: 628.627991 Z: 94.006599 Map: 0 Selected: None (Guid: 0)]
2010-06-13 03:11:38 Command: delti 1 [Player: Dister (Account: 376805) X: -8833.379883 Y: 628.627991 Z: 94.006599 Map: 0 Selected: None (Guid: 0)]
2010-06-13 03:12:22 Command: gm on [Player: Dister (Account: 376805) X: -8833.379883 Y: 628.627991 Z: 94.006599 Map: 0 Selected: None (Guid: 0)]
2010-06-13 03:12:22 Command: gm vis off [Player: Dister (Account: 376805) X: -8833.379883 Y: 628.627991 Z: 94.006599 Map: 0 Selected: None (Guid: 0)]
2010-06-13 03:12:22 Command: whispers off [Player: Dister (Account: 376805) X: -8833.379883 Y: 628.627991 Z: 94.006599 Map: 0 Selected: None (Guid: 0)]
2010-06-13 03:12:22 Command: gm chat on [Player: Dister (Account: 376805) X: -8833.379883 Y: 628.627991 Z: 94.006599 Map: 0 Selected: None (Guid: 0)]
2010-06-13 03:12:24 Command: tic 1 [Player: Dister (Account: 376805) X: -8833.379883 Y: 628.627991 Z: 94.006599 Map: 0 Selected: None (Guid: 0)]
2010-06-13 03:12:26 Command: delti 1 [Player: Dister (Account: 376805) X: -8833.379883 Y: 628.627991 Z: 94.006599 Map: 0 Selected: None (Guid: 0)]
2010-06-13 03:12:29 Command: tic 1 [Player: Dister (Account: 376805) X: -8833.379883 Y: 628.627991 Z: 94.006599 Map: 0 Selected: None (Guid: 0)]
2010-06-13 03:12:32 Command: delti 1 [Player: Dister (Account: 376805) X: -8833.379883 Y: 628.627991 Z: 94.006599 Map: 0 Selected: None (Guid: 0)]
2010-06-13 03:12:33 Command: tic 1 [Player: Dister (Account: 376805) X: -8833.379883 Y: 628.627991 Z: 94.006599 Map: 0 Selected: None (Guid: 0)]
2010-06-13 03:12:36 Command: delti 1 [Player: Dister (Account: 376805) X: -8833.379883 Y: 628.627991 Z: 94.006599 Map: 0 Selected: None (Guid: 0)]
2010-06-13 15:05:56 Command: tic [Player: Dister (Account: 376805) X: -8833.379883 Y: 628.627991 Z: 94.006599 Map: 0 Selected: None (Guid: 0)]
2010-06-13 15:07:39 Command: banin ch Рокет [Player: Dister (Account: 376805) X: -8837.877930 Y: 621.937378 Z: 93.281059 Map: 0 Selected: None (Guid: 0)]
2010-06-13 15:09:23 Command: gm in [Player: Dister (Account: 376805) X: -8882.130859 Y: 583.290466 Z: 92.996353 Map: 0 Selected: None (Guid: 0)]
2010-06-13 15:09:46 Command: unban ch Рокет [Player: Dister (Account: 376805) X: -8882.130859 Y: 583.290466 Z: 92.996353 Map: 0 Selected: None (Guid: 0)]
2010-06-13 15:09:52 Command: tele gmi [Player: Dister (Account: 376805) X: -8889.087891 Y: 577.757629 Z: 92.774094 Map: 1 Selected: None (Guid: 0)]
2010-06-13 15:11:27 Command: ban ch persi 4d bagoreid [Player: Dister (Account: 376805) X: 16226.985352 Y: 16258.020508 Z: 13.315964 Map: 1 Selected: None (Guid: 0)]
2010-06-13 15:11:36 Command: ban ch Рокет 4d bagoreid [Player: Dister (Account: 376805) X: 16226.985352 Y: 16258.020508 Z: 13.315964 Map: 1 Selected: None (Guid: 0)]
2010-06-13 15:11:44 Command: ban ch paladry 4d bagoreid [Player: Dister (Account: 376805) X: 16226.985352 Y: 16258.020508 Z: 13.315964 Map: 1 Selected: None (Guid: 0)]
2010-06-13 15:11:55 Command: ban ch redbool 4d bagoreid [Player: Dister (Account: 376805) X: 16226.985352 Y: 16258.020508 Z: 13.315964 Map: 1 Selected: None (Guid: 0)]
2010-06-13 15:12:04 Command: ban ch spell 4d bagoreid [Player: Dister (Account: 376805) X: 16226.985352 Y: 16258.020508 Z: 13.315964 Map: 1 Selected: None (Guid: 0)]
2010-06-13 15:12:10 Command: ban ch dimco 4d bagoreid [Player: Dister (Account: 376805) X: 16226.985352 Y: 16258.020508 Z: 13.315964 Map: 1 Selected: None (Guid: 0)]
2010-06-13 15:12:25 Command: ban ch Наташа 4d bagoreid [Player: Dister (Account: 376805) X: 16226.985352 Y: 16258.020508 Z: 13.315964 Map: 1 Selected: None (Guid: 0)]
2010-06-13 15:12:34 Command: ban ch Ирида 4d bagoreid [Player: Dister (Account: 376805) X: 16226.985352 Y: 16258.020508 Z: 13.315964 Map: 1 Selected: None (Guid: 0)]
2010-06-13 15:12:48 Command: ban ch Меченосец 4d bagoreid [Player: Dister (Account: 376805) X: 16226.985352 Y: 16258.020508 Z: 13.315964 Map: 1 Selected: None (Guid: 0)]
2010-06-13 15:13:31 Command: ban ch Shadowfight 4d bagoreid [Player: Dister (Account: 376805) X: 16226.985352 Y: 16258.020508 Z: 13.315964 Map: 1 Selected: None (Guid: 0)]
2010-06-13 15:13:48 Command: ban ch znayka 4d bagoreid [Player: Dister (Account: 376805) X: 16226.985352 Y: 16258.020508 Z: 13.315964 Map: 1 Selected: None (Guid: 0)]
2010-06-13 15:53:33 Command: gm in [Player: Тестдва (Account: 372134) X: -8715.179688 Y: 346.881012 Z: 101.019913 Map: 0 Selected: None (Guid: 0)]
2010-06-13 15:53:42 Command: goname Priestshadow [Player: Тестдва (Account: 372134) X: -8715.179688 Y: 346.881012 Z: 101.019913 Map: 0 Selected: None (Guid: 0)]
2010-06-13 15:54:48 Command: lev 79 [Player: Тестдва (Account: 372134) X: -8882.636719 Y: -36.648968 Z: 87.784897 Map: 0 Selected: Player Priestshadow (Guid: 35233)]
2010-06-13 15:55:11 Command: mod money 1111111111 [Player: Тестдва (Account: 372134) X: -8880.864258 Y: -36.522938 Z: 88.103607 Map: 0 Selected: Player Priestshadow (Guid: 35233)]
2010-06-13 15:55:31 Command: mod sp 10 [Player: Тестдва (Account: 372134) X: -8911.142578 Y: -33.332878 Z: 91.267113 Map: 0 Selected: Player Тестдва (Guid: 33593)]
2010-06-13 15:55:41 Command: gm visible off [Player: Тестдва (Account: 372134) X: -9075.893555 Y: -40.254326 Z: 87.558174 Map: 0 Selected: Player Тестдва (Guid: 33593)]
2010-06-13 15:56:06 Command: namego Priestshadow [Player: Тестдва (Account: 372134) X: -8792.104492 Y: 613.437622 Z: 96.773544 Map: 0 Selected: Player Тестдва (Guid: 33593)]
2010-06-13 15:56:35 Command: maxskill [Player: Тестдва (Account: 372134) X: -8792.104492 Y: 613.437622 Z: 96.773544 Map: 0 Selected: Player Priestshadow (Guid: 35233)]
2010-06-13 15:56:59 Command: namego Priestshadow [Player: Тестдва (Account: 372134) X: -8523.457031 Y: 832.612610 Z: 106.518692 Map: 0 Selected: None (Guid: 0)]
2010-06-13 16:02:18 Command: guild create Priestshadow "No skill Just Luck" [Player: Тестдва (Account: 372134) X: -8524.783203 Y: 805.625061 Z: 106.518761 Map: 0 Selected: Player Priestshadow (Guid: 35233)]
2010-06-13 16:03:37 Command: namego Priestshadow [Player: Тестдва (Account: 372134) X: -9453.616211 Y: -1385.466797 Z: 47.173771 Map: 0 Selected: None (Guid: 0)]
2010-06-13 16:04:20 Command: goname Bagos [Player: Тестдва (Account: 372134) X: -9453.616211 Y: -1385.466797 Z: 47.173771 Map: 571 Selected: None (Guid: 0)]
2010-06-13 16:05:35 Command: namego Priestshadow [Player: Тестдва (Account: 372134) X: 5711.691895 Y: 694.681030 Z: 645.751343 Map: 571 Selected: None (Guid: 0)]
2010-06-13 16:05:47 Command: flu on [Player: Тестдва (Account: 372134) X: 5711.691895 Y: 694.681030 Z: 645.751343 Map: 571 Selected: Player Тестдва (Guid: 33593)]
2010-06-13 16:10:12 Command: mod speed 10 [Player: Тестдва (Account: 372134) X: 5725.693359 Y: 683.334595 Z: 646.565796 Map: 571 Selected: Player Тестдва (Guid: 33593)]
2010-06-13 16:11:01 Command: goname Panda [Player: Тестдва (Account: 372134) X: 5816.927734 Y: 439.351196 Z: 658.762024 Map: 571 Selected: None (Guid: 0)]
2010-06-13 16:11:55 Command: namego Priestshadow [Player: Тестдва (Account: 372134) X: 6186.002441 Y: -1054.725464 Z: 410.098724 Map: 571 Selected: None (Guid: 0)]
2010-06-13 16:12:53 Command: goname Priestshadow [Player: Тестдва (Account: 372134) X: 6186.002441 Y: -1054.725464 Z: 410.098724 Map: 571 Selected: None (Guid: 0)]
2010-06-13 16:13:08 Command: goname Priestshadow [Player: Тестдва (Account: 372134) X: 6172.068359 Y: -1065.261353 Z: 411.478424 Map: 571 Selected: None (Guid: 0)]
2010-06-13 16:13:31 Command: gm in [Player: Тестдва (Account: 372134) X: 5717.328125 Y: 682.368835 Z: 645.751282 Map: 571 Selected: None (Guid: 0)]
2010-06-13 16:16:16 Command: mod speed 1 [Player: Тестдва (Account: 372134) X: 5692.697754 Y: 693.451477 Z: 654.299377 Map: 571 Selected: Player Тестдва (Guid: 33593)]
2010-06-13 16:18:44 Command: additem 41916 [Player: Тестдва (Account: 372134) X: 5669.843750 Y: 720.699036 Z: 653.393982 Map: 571 Selected: Player Priestshadow (Guid: 35233)]
2010-06-13 16:19:01 Command: additem 41922 [Player: Тестдва (Account: 372134) X: 5669.843750 Y: 720.699036 Z: 653.393982 Map: 571 Selected: Player Priestshadow (Guid: 35233)]
2010-06-13 16:19:09 Command: additem 41935 [Player: Тестдва (Account: 372134) X: 5669.843750 Y: 720.699036 Z: 653.393982 Map: 571 Selected: Player Priestshadow (Guid: 35233)]
2010-06-13 16:19:30 Command: additem 51488 [Player: Тестдва (Account: 372134) X: 5669.843750 Y: 720.699036 Z: 653.393982 Map: 571 Selected: Player Priestshadow (Guid: 35233)]
2010-06-13 16:19:37 Command: additem 51490 [Player: Тестдва (Account: 372134) X: 5669.843750 Y: 720.699036 Z: 653.393982 Map: 571 Selected: Player Priestshadow (Guid: 35233)]
2010-06-13 16:20:26 Command: additem 51406 [Player: Тестдва (Account: 372134) X: 5669.843750 Y: 720.699036 Z: 653.393982 Map: 571 Selected: Player Priestshadow (Guid: 35233)]
2010-06-13 16:20:47 Command: additem 51338 [Player: Тестдва (Account: 372134) X: 5669.843750 Y: 720.699036 Z: 653.393982 Map: 571 Selected: Player Priestshadow (Guid: 35233)]
2010-06-13 16:21:13 Command: additem 51337 [Player: Тестдва (Account: 372134) X: 5669.843750 Y: 720.699036 Z: 653.393982 Map: 571 Selected: Player Priestshadow (Guid: 35233)]
2010-06-13 16:21:30 Command: additem 51339 [Player: Тестдва (Account: 372134) X: 5669.843750 Y: 720.699036 Z: 653.393982 Map: 571 Selected: Player Priestshadow (Guid: 35233)]
2010-06-13 16:22:46 Command: additem 51333 [Player: Тестдва (Account: 372134) X: 5669.843750 Y: 720.699036 Z: 653.393982 Map: 571 Selected: Player Priestshadow (Guid: 35233)]
2010-06-13 16:23:16 Command: additem 51336 [Player: Тестдва (Account: 372134) X: 5669.843750 Y: 720.699036 Z: 653.393982 Map: 571 Selected: Player Priestshadow (Guid: 35233)]
2010-06-13 16:23:43 Command: additem 50714 [Player: Тестдва (Account: 372134) X: 5669.843750 Y: 720.699036 Z: 653.393982 Map: 571 Selected: Player Priestshadow (Guid: 35233)]
2010-06-13 16:24:36 Command: additem 50348 [Player: Тестдва (Account: 372134) X: 5669.843750 Y: 720.699036 Z: 653.393982 Map: 571 Selected: Player Priestshadow (Guid: 35233)]
2010-06-13 16:25:32 Command: additem 42137 [Player: Тестдва (Account: 372134) X: 5669.843750 Y: 720.699036 Z: 653.393982 Map: 571 Selected: Player Priestshadow (Guid: 35233)]
2010-06-13 16:27:19 Command: additem 45490 [Player: Тестдва (Account: 372134) X: 5669.843750 Y: 720.699036 Z: 653.393982 Map: 571 Selected: Player Priestshadow (Guid: 35233)]
2010-06-13 16:27:51 Command: additem 38082 [Player: Тестдва (Account: 372134) X: 5669.843750 Y: 720.699036 Z: 653.393982 Map: 571 Selected: Player Priestshadow (Guid: 35233)]
2010-06-13 16:27:53 Command: additem 38082 [Player: Тестдва (Account: 372134) X: 5669.843750 Y: 720.699036 Z: 653.393982 Map: 571 Selected: Player Priestshadow (Guid: 35233)]
2010-06-13 16:27:53 Command: additem 38082 [Player: Тестдва (Account: 372134) X: 5669.843750 Y: 720.699036 Z: 653.393982 Map: 571 Selected: Player Priestshadow (Guid: 35233)]
2010-06-13 16:27:55 Command: additem 38082 [Player: Тестдва (Account: 372134) X: 5669.843750 Y: 720.699036 Z: 653.393982 Map: 571 Selected: Player Priestshadow (Guid: 35233)]
2010-06-13 16:29:00 Command: additem 51407 [Player: Тестдва (Account: 372134) X: 5669.843750 Y: 720.699036 Z: 653.393982 Map: 571 Selected: Player Priestshadow (Guid: 35233)]
2010-06-13 16:29:58 Command: additem 51332 [Player: Тестдва (Account: 372134) X: 5669.843750 Y: 720.699036 Z: 653.393982 Map: 571 Selected: Player Priestshadow (Guid: 35233)]
2010-06-13 16:30:59 Command: additem 51451 [Player: Тестдва (Account: 372134) X: 5669.843750 Y: 720.699036 Z: 653.393982 Map: 571 Selected: Player Priestshadow (Guid: 35233)]
2010-06-13 16:31:07 Command: additem 51531 [Player: Тестдва (Account: 372134) X: 5669.843750 Y: 720.699036 Z: 653.393982 Map: 571 Selected: Player Priestshadow (Guid: 35233)]
2010-06-13 16:32:45 Command: additem 45753 [Player: Тестдва (Account: 372134) X: 5669.843750 Y: 720.699036 Z: 653.393982 Map: 571 Selected: Player Priestshadow (Guid: 35233)]
2010-06-13 16:33:19 Command: additem 42402 [Player: Тестдва (Account: 372134) X: 5669.843750 Y: 720.699036 Z: 653.393982 Map: 571 Selected: Player Priestshadow (Guid: 35233)]
2010-06-13 16:33:25 Command: additem 42397 [Player: Тестдва (Account: 372134) X: 5669.843750 Y: 720.699036 Z: 653.393982 Map: 571 Selected: Player Priestshadow (Guid: 35233)]
2010-06-13 16:33:52 Command: additem 43374 [Player: Тестдва (Account: 372134) X: 5669.843750 Y: 720.699036 Z: 653.393982 Map: 571 Selected: Player Priestshadow (Guid: 35233)]
2010-06-13 16:33:58 Command: additem 4337 [Player: Тестдва (Account: 372134) X: 5669.843750 Y: 720.699036 Z: 653.393982 Map: 571 Selected: Player Priestshadow (Guid: 35233)]
2010-06-13 16:34:01 Command: additem 43370 [Player: Тестдва (Account: 372134) X: 5669.843750 Y: 720.699036 Z: 653.393982 Map: 571 Selected: Player Priestshadow (Guid: 35233)]
2010-06-13 16:34:10 Command: additem 43342 [Player: Тестдва (Account: 372134) X: 5669.843750 Y: 720.699036 Z: 653.393982 Map: 571 Selected: Player Priestshadow (Guid: 35233)]
2010-06-13 16:35:44 Command: additem 21176 [Player: Тестдва (Account: 372134) X: 5669.843750 Y: 720.699036 Z: 653.393982 Map: 571 Selected: Player Priestshadow (Guid: 35233)]
2010-06-13 16:36:13 Command: additem 25596 [Player: Тестдва (Account: 372134) X: 5669.843750 Y: 720.699036 Z: 653.393982 Map: 571 Selected: Player Priestshadow (Guid: 35233)]
2010-06-13 16:36:44 Command: additem 32458 [Player: Тестдва (Account: 372134) X: 5669.843750 Y: 720.699036 Z: 653.393982 Map: 571 Selected: Player Priestshadow (Guid: 35233)]
2010-06-13 16:38:53 Command: additem 44178 [Player: Тестдва (Account: 372134) X: 5817.548828 Y: 548.581177 Z: 651.146790 Map: 571 Selected: Player Priestshadow (Guid: 35233)]
2010-06-13 16:42:08 Command: additem 44159 [Player: Тестдва (Account: 372134) X: 5634.875488 Y: 680.660706 Z: 651.993530 Map: 571 Selected: Player Priestshadow (Guid: 35233)]
2010-06-13 16:42:39 Command: additem 41604 [Player: Тестдва (Account: 372134) X: 5634.875488 Y: 680.660706 Z: 651.993530 Map: 571 Selected: Player Priestshadow (Guid: 35233)]
2010-06-13 16:43:05 Command: additem 41611 [Player: Тестдва (Account: 372134) X: 5634.875488 Y: 680.660706 Z: 651.993530 Map: 571 Selected: Player Priestshadow (Guid: 35233)]
2010-06-13 16:44:26 Command: additem 44075 [Player: Тестдва (Account: 372134) X: 5634.875488 Y: 680.660706 Z: 651.993530 Map: 571 Selected: Player Priestshadow (Guid: 35233)]
2010-06-13 16:44:34 Command: additem 44068 [Player: Тестдва (Account: 372134) X: 5634.875488 Y: 680.660706 Z: 651.993530 Map: 571 Selected: Player Priestshadow (Guid: 35233)]
2010-06-13 16:45:15 Command: additem 44588 [Player: Тестдва (Account: 372134) X: 5634.875488 Y: 680.660706 Z: 651.993530 Map: 571 Selected: Player Priestshadow (Guid: 35233)]
2010-06-13 16:46:02 Command: additem 41333 [Player: Тестдва (Account: 372134) X: 5634.875488 Y: 680.660706 Z: 651.993530 Map: 571 Selected: Player Priestshadow (Guid: 35233)]
2010-06-13 16:46:18 Command: additem 40113 [Player: Тестдва (Account: 372134) X: 5634.875488 Y: 680.660706 Z: 651.993530 Map: 571 Selected: Player Priestshadow (Guid: 35233)]
2010-06-13 16:46:19 Command: additem 40113 [Player: Тестдва (Account: 372134) X: 5634.875488 Y: 680.660706 Z: 651.993530 Map: 571 Selected: Player Priestshadow (Guid: 35233)]
2010-06-13 16:46:20 Command: additem 40113 [Player: Тестдва (Account: 372134) X: 5634.875488 Y: 680.660706 Z: 651.993530 Map: 571 Selected: Player Priestshadow (Guid: 35233)]
2010-06-13 16:46:59 Command: additem 40113 [Player: Тестдва (Account: 372134) X: 5634.875488 Y: 680.660706 Z: 651.993530 Map: 571 Selected: Player Priestshadow (Guid: 35233)]
2010-06-13 16:46:59 Command: additem 40113 [Player: Тестдва (Account: 372134) X: 5634.875488 Y: 680.660706 Z: 651.993530 Map: 571 Selected: Player Priestshadow (Guid: 35233)]
2010-06-13 16:46:59 Command: additem 40113 [Player: Тестдва (Account: 372134) X: 5634.875488 Y: 680.660706 Z: 651.993530 Map: 571 Selected: Player Priestshadow (Guid: 35233)]
2010-06-13 16:47:00 Command: additem 40113 [Player: Тестдва (Account: 372134) X: 5634.875488 Y: 680.660706 Z: 651.993530 Map: 571 Selected: Player Priestshadow (Guid: 35233)]
2010-06-13 16:47:09 Command: additem 40155 [Player: Тестдва (Account: 372134) X: 5634.875488 Y: 680.660706 Z: 651.993530 Map: 571 Selected: Player Priestshadow (Guid: 35233)]
2010-06-13 16:47:11 Command: additem 40155 [Player: Тестдва (Account: 372134) X: 5634.875488 Y: 680.660706 Z: 651.993530 Map: 571 Selected: Player Priestshadow (Guid: 35233)]
2010-06-13 16:47:11 Command: additem 40155 [Player: Тестдва (Account: 372134) X: 5634.875488 Y: 680.660706 Z: 651.993530 Map: 571 Selected: Player Priestshadow (Guid: 35233)]
2010-06-13 16:47:11 Command: additem 40155 [Player: Тестдва (Account: 372134) X: 5634.875488 Y: 680.660706 Z: 651.993530 Map: 571 Selected: Player Priestshadow (Guid: 35233)]
2010-06-13 16:47:12 Command: additem 40155 [Player: Тестдва (Account: 372134) X: 5634.875488 Y: 680.660706 Z: 651.993530 Map: 571 Selected: Player Priestshadow (Guid: 35233)]
2010-06-13 16:47:13 Command: additem 40155 [Player: Тестдва (Account: 372134) X: 5634.875488 Y: 680.660706 Z: 651.993530 Map: 571 Selected: Player Priestshadow (Guid: 35233)]
2010-06-13 16:47:13 Command: additem 40155 [Player: Тестдва (Account: 372134) X: 5634.875488 Y: 680.660706 Z: 651.993530 Map: 571 Selected: Player Priestshadow (Guid: 35233)]
2010-06-13 16:47:50 Command: additem 40135 [Player: Тестдва (Account: 372134) X: 5634.875488 Y: 680.660706 Z: 651.993530 Map: 571 Selected: Player Priestshadow (Guid: 35233)]
2010-06-13 16:47:50 Command: additem 40135 [Player: Тестдва (Account: 372134) X: 5634.875488 Y: 680.660706 Z: 651.993530 Map: 571 Selected: Player Priestshadow (Guid: 35233)]
2010-06-13 16:47:51 Command: additem 40135 [Player: Тестдва (Account: 372134) X: 5634.875488 Y: 680.660706 Z: 651.993530 Map: 571 Selected: Player Priestshadow (Guid: 35233)]
2010-06-13 16:47:52 Command: additem 40135 [Player: Тестдва (Account: 372134) X: 5634.875488 Y: 680.660706 Z: 651.993530 Map: 571 Selected: Player Priestshadow (Guid: 35233)]
2010-06-13 16:47:53 Command: additem 40135 [Player: Тестдва (Account: 372134) X: 5634.875488 Y: 680.660706 Z: 651.993530 Map: 571 Selected: Player Priestshadow (Guid: 35233)]
2010-06-13 17:11:08 Command: mod sp 10 [Player: Тестдва (Account: 372134) X: 5684.187012 Y: 667.948669 Z: 646.916016 Map: 571 Selected: Player Тестдва (Guid: 33593)]
2010-06-13 17:12:18 Command: namego Priestshadow [Player: Тестдва (Account: 372134) X: -8936.753906 Y: -131.123230 Z: 83.403290 Map: 0 Selected: Player Тестдва (Guid: 33593)]
2010-06-13 17:13:36 Command: gm off [Player: Тестдва (Account: 372134) X: -8954.793945 Y: -126.467522 Z: 83.216797 Map: 0 Selected: None (Guid: 0)]
2010-06-13 17:13:48 Command: gm visible off [Player: Тестдва (Account: 372134) X: -8954.793945 Y: -126.467522 Z: 83.216797 Map: 0 Selected: None (Guid: 0)]
2010-06-13 17:14:04 Command: lev 79 [Player: Тестдва (Account: 372134) X: -8954.793945 Y: -126.467522 Z: 83.216797 Map: 0 Selected: Player Ядовитая (Guid: 35266)]
2010-06-13 17:14:09 Command: max skill [Player: Тестдва (Account: 372134) X: -8954.793945 Y: -126.467522 Z: 83.216797 Map: 0 Selected: Player Ядовитая (Guid: 35266)]
2010-06-13 17:15:16 Command: gm in [Player: Тестдва (Account: 372134) X: -8954.793945 Y: -126.467522 Z: 83.216797 Map: 0 Selected: None (Guid: 0)]
2010-06-13 17:18:59 Command: namego Priestshadow [Player: Тестдва (Account: 372134) X: -9455.000977 Y: -1371.538574 Z: 46.658978 Map: 0 Selected: None (Guid: 0)]
2010-06-13 17:19:04 Command: namego Ядовитая [Player: Тестдва (Account: 372134) X: -9455.000977 Y: -1371.538574 Z: 46.658978 Map: 0 Selected: None (Guid: 0)]
2010-06-13 17:20:13 Command: additem 21176 [Player: Тестдва (Account: 372134) X: -9450.843750 Y: -1371.051514 Z: 46.702198 Map: 0 Selected: Player Ядовитая (Guid: 35266)]
2010-06-13 17:22:03 Command: namego Ядовитая [Player: Тестдва (Account: 372134) X: -8792.250977 Y: 613.956909 Z: 96.773125 Map: 0 Selected: None (Guid: 0)]
2010-06-13 17:22:42 Command: maxskill [Player: Тестдва (Account: 372134) X: -8792.250977 Y: 613.956909 Z: 96.773125 Map: 0 Selected: Player Ядовитая (Guid: 35266)]
2010-06-13 17:25:10 Command: additem 51540 [Player: Тестдва (Account: 372134) X: -8986.402344 Y: 1035.886719 Z: 101.403687 Map: 0 Selected: Player Ядовитая (Guid: 35266)]
2010-06-13 17:25:20 Command: additem 51537 [Player: Тестдва (Account: 372134) X: -8986.402344 Y: 1035.886719 Z: 101.403687 Map: 0 Selected: Player Ядовитая (Guid: 35266)]
2010-06-13 17:26:00 Command: additem 41994 [Player: Тестдва (Account: 372134) X: -8986.402344 Y: 1035.886719 Z: 101.403687 Map: 0 Selected: Player Ядовитая (Guid: 35266)]
2010-06-13 17:26:17 Command: additem 41999 [Player: Тестдва (Account: 372134) X: -8986.402344 Y: 1035.886719 Z: 101.403687 Map: 0 Selected: Player Ядовитая (Guid: 35266)]
2010-06-13 17:26:29 Command: additem 42012 [Player: Тестдва (Account: 372134) X: -8986.402344 Y: 1035.886719 Z: 101.403687 Map: 0 Selected: Player Ядовитая (Guid: 35266)]
2010-06-13 17:26:40 Command: additem 51539 [Player: Тестдва (Account: 372134) X: -8986.402344 Y: 1035.886719 Z: 101.403687 Map: 0 Selected: Player Ядовитая (Guid: 35266)]
2010-06-13 17:28:25 Command: additem 51406 [Player: Тестдва (Account: 372134) X: -8986.402344 Y: 1035.886719 Z: 101.403687 Map: 0 Selected: Player Ядовитая (Guid: 35266)]
2010-06-13 17:29:14 Command: additem 51451 [Player: Тестдва (Account: 372134) X: -8986.402344 Y: 1035.886719 Z: 101.403687 Map: 0 Selected: Player Ядовитая (Guid: 35266)]
2010-06-13 17:29:43 Command: additem 51339 [Player: Тестдва (Account: 372134) X: -8986.402344 Y: 1035.886719 Z: 101.403687 Map: 0 Selected: Player Ядовитая (Guid: 35266)]
2010-06-13 17:30:05 Command: additem 51337 [Player: Тестдва (Account: 372134) X: -8986.402344 Y: 1035.886719 Z: 101.403687 Map: 0 Selected: Player Ядовитая (Guid: 35266)]
2010-06-13 17:30:29 Command: additem 51338 [Player: Тестдва (Account: 372134) X: -8986.402344 Y: 1035.886719 Z: 101.403687 Map: 0 Selected: Player Ядовитая (Guid: 35266)]
2010-06-13 17:31:03 Command: additem 51333 [Player: Тестдва (Account: 372134) X: -8986.402344 Y: 1035.886719 Z: 101.403687 Map: 0 Selected: Player Ядовитая (Guid: 35266)]
2010-06-13 17:31:24 Command: additem 51336 [Player: Тестдва (Account: 372134) X: -8986.402344 Y: 1035.886719 Z: 101.403687 Map: 0 Selected: Player Ядовитая (Guid: 35266)]
2010-06-13 17:31:32 Command: additem 50714 [Player: Тестдва (Account: 372134) X: -8986.402344 Y: 1035.886719 Z: 101.403687 Map: 0 Selected: Player Ядовитая (Guid: 35266)]
2010-06-13 17:32:13 Command: additem 50348 [Player: Тестдва (Account: 372134) X: -8986.402344 Y: 1035.886719 Z: 101.403687 Map: 0 Selected: Player Ядовитая (Guid: 35266)]
2010-06-13 17:32:20 Command: additem 50357 [Player: Тестдва (Account: 372134) X: -8986.402344 Y: 1035.886719 Z: 101.403687 Map: 0 Selected: Player Ядовитая (Guid: 35266)]
2010-06-13 17:32:45 Command: additem 51332 [Player: Тестдва (Account: 372134) X: -8986.402344 Y: 1035.886719 Z: 101.403687 Map: 0 Selected: Player Ядовитая (Guid: 35266)]
2010-06-13 17:33:08 Command: additem 51407 [Player: Тестдва (Account: 372134) X: -8986.402344 Y: 1035.886719 Z: 101.403687 Map: 0 Selected: Player Ядовитая (Guid: 35266)]
2010-06-13 17:34:44 Command: additem 41604 [Player: Тестдва (Account: 372134) X: -8986.402344 Y: 1035.886719 Z: 101.403687 Map: 0 Selected: Player Ядовитая (Guid: 35266)]
2010-06-13 17:34:57 Command: additem 41611 [Player: Тестдва (Account: 372134) X: -8986.402344 Y: 1035.886719 Z: 101.403687 Map: 0 Selected: Player Ядовитая (Guid: 35266)]
2010-06-13 17:35:21 Command: additem 44075 [Player: Тестдва (Account: 372134) X: -8986.402344 Y: 1035.886719 Z: 101.403687 Map: 0 Selected: Player Ядовитая (Guid: 35266)]
2010-06-13 17:35:29 Command: additem 44068 [Player: Тестдва (Account: 372134) X: -8986.402344 Y: 1035.886719 Z: 101.403687 Map: 0 Selected: Player Ядовитая (Guid: 35266)]
2010-06-13 17:36:42 Command: additem 38082 [Player: Тестдва (Account: 372134) X: -8986.402344 Y: 1035.886719 Z: 101.403687 Map: 0 Selected: Player Ядовитая (Guid: 35266)]
2010-06-13 17:36:43 Command: additem 38082 [Player: Тестдва (Account: 372134) X: -8986.402344 Y: 1035.886719 Z: 101.403687 Map: 0 Selected: Player Ядовитая (Guid: 35266)]
2010-06-13 17:36:44 Command: additem 38082 [Player: Тестдва (Account: 372134) X: -8986.402344 Y: 1035.886719 Z: 101.403687 Map: 0 Selected: Player Ядовитая (Guid: 35266)]
2010-06-13 17:36:45 Command: additem 38082 [Player: Тестдва (Account: 372134) X: -8986.402344 Y: 1035.886719 Z: 101.403687 Map: 0 Selected: Player Ядовитая (Guid: 35266)]
2010-06-13 17:37:09 Command: additem 32458 [Player: Тестдва (Account: 372134) X: -8986.402344 Y: 1035.886719 Z: 101.403687 Map: 0 Selected: Player Ядовитая (Guid: 35266)]
2010-06-13 17:37:41 Command: gm in [Player: Тестдва (Account: 372134) X: -8986.402344 Y: 1035.886719 Z: 101.403687 Map: 0 Selected: Player Ядовитая (Guid: 35266)]
2010-06-13 17:41:25 Command: namego Priestshadow [Player: Тестдва (Account: 372134) X: -8986.011719 Y: 1036.112183 Z: 101.404060 Map: 0 Selected: None (Guid: 0)]
2010-06-13 17:42:01 Command: additem 44467 [Player: Тестдва (Account: 372134) X: -8984.287109 Y: 1038.877563 Z: 101.404060 Map: 0 Selected: Player Priestshadow (Guid: 35233)]
2010-06-13 17:42:15 Command: additem 44467 [Player: Тестдва (Account: 372134) X: -8984.287109 Y: 1038.877563 Z: 101.404060 Map: 0 Selected: Player Ядовитая (Guid: 35266)]
2010-06-13 17:42:44 Command: additem 44465 [Player: Тестдва (Account: 372134) X: -8984.287109 Y: 1038.877563 Z: 101.404060 Map: 0 Selected: Player Ядовитая (Guid: 35266)]
2010-06-13 17:42:47 Command: additem 44465 [Player: Тестдва (Account: 372134) X: -8984.287109 Y: 1038.877563 Z: 101.404060 Map: 0 Selected: Player Priestshadow (Guid: 35233)]
2010-06-13 17:43:59 Command: additem 44470 [Player: Тестдва (Account: 372134) X: -8984.893555 Y: 1035.645996 Z: 101.404129 Map: 0 Selected: Player Priestshadow (Guid: 35233)]
2010-06-13 17:44:03 Command: additem 44470 [Player: Тестдва (Account: 372134) X: -8984.893555 Y: 1035.645996 Z: 101.404129 Map: 0 Selected: Player Ядовитая (Guid: 35266)]
2010-06-13 17:44:43 Command: additem 39006 [Player: Тестдва (Account: 372134) X: -8984.893555 Y: 1035.645996 Z: 101.404129 Map: 0 Selected: Player Ядовитая (Guid: 35266)]
2010-06-13 17:44:46 Command: additem 39006 [Player: Тестдва (Account: 372134) X: -8984.893555 Y: 1035.645996 Z: 101.404129 Map: 0 Selected: Player Priestshadow (Guid: 35233)]
2010-06-13 17:45:14 Command: additem 38979 [Player: Тестдва (Account: 372134) X: -8984.893555 Y: 1035.645996 Z: 101.404129 Map: 0 Selected: Player Priestshadow (Guid: 35233)]
2010-06-13 17:45:17 Command: additem 38979 [Player: Тестдва (Account: 372134) X: -8984.893555 Y: 1035.645996 Z: 101.404129 Map: 0 Selected: Player Ядовитая (Guid: 35266)]
2010-06-13 17:45:55 Command: additem 38973 [Player: Тестдва (Account: 372134) X: -8984.893555 Y: 1035.645996 Z: 101.404129 Map: 0 Selected: Player Priestshadow (Guid: 35233)]
2010-06-13 17:46:01 Command: additem 38973 [Player: Тестдва (Account: 372134) X: -8984.893555 Y: 1035.645996 Z: 101.404129 Map: 0 Selected: Player Ядовитая (Guid: 35266)]
2010-06-13 17:46:11 Command: additem 39003 [Player: Тестдва (Account: 372134) X: -8984.893555 Y: 1035.645996 Z: 101.404129 Map: 0 Selected: Player Ядовитая (Guid: 35266)]
2010-06-13 17:46:14 Command: additem 39003 [Player: Тестдва (Account: 372134) X: -8984.893555 Y: 1035.645996 Z: 101.404129 Map: 0 Selected: Player Priestshadow (Guid: 35233)]
2010-06-13 17:46:52 Command: additem 40113 [Player: Тестдва (Account: 372134) X: -8984.893555 Y: 1035.645996 Z: 101.404129 Map: 0 Selected: Player Ядовитая (Guid: 35266)]
2010-06-13 17:46:54 Command: additem 40113 [Player: Тестдва (Account: 372134) X: -8984.893555 Y: 1035.645996 Z: 101.404129 Map: 0 Selected: Player Ядовитая (Guid: 35266)]
2010-06-13 17:46:55 Command: additem 40113 [Player: Тестдва (Account: 372134) X: -8984.893555 Y: 1035.645996 Z: 101.404129 Map: 0 Selected: Player Ядовитая (Guid: 35266)]
2010-06-13 17:46:56 Command: additem 40113 [Player: Тестдва (Account: 372134) X: -8984.893555 Y: 1035.645996 Z: 101.404129 Map: 0 Selected: Player Ядовитая (Guid: 35266)]
2010-06-13 17:46:58 Command: additem 40113 [Player: Тестдва (Account: 372134) X: -8984.893555 Y: 1035.645996 Z: 101.404129 Map: 0 Selected: Player Ядовитая (Guid: 35266)]
2010-06-13 17:47:06 Command: additem 40132 [Player: Тестдва (Account: 372134) X: -8984.893555 Y: 1035.645996 Z: 101.404129 Map: 0 Selected: Player Ядовитая (Guid: 35266)]
2010-06-13 17:47:08 Command: additem 40132 [Player: Тестдва (Account: 372134) X: -8984.893555 Y: 1035.645996 Z: 101.404129 Map: 0 Selected: Player Ядовитая (Guid: 35266)]
2010-06-13 17:47:09 Command: additem 40132 [Player: Тестдва (Account: 372134) X: -8984.893555 Y: 1035.645996 Z: 101.404129 Map: 0 Selected: Player Ядовитая (Guid: 35266)]
2010-06-13 17:47:10 Command: additem 40132 [Player: Тестдва (Account: 372134) X: -8984.893555 Y: 1035.645996 Z: 101.404129 Map: 0 Selected: Player Ядовитая (Guid: 35266)]
2010-06-13 17:47:17 Command: additem 40128 [Player: Тестдва (Account: 372134) X: -8984.893555 Y: 1035.645996 Z: 101.404129 Map: 0 Selected: Player Ядовитая (Guid: 35266)]
2010-06-13 17:47:25 Command: additem 40128 [Player: Тестдва (Account: 372134) X: -8984.893555 Y: 1035.645996 Z: 101.404129 Map: 0 Selected: Player Ядовитая (Guid: 35266)]
2010-06-13 17:47:26 Command: additem 40128 [Player: Тестдва (Account: 372134) X: -8984.893555 Y: 1035.645996 Z: 101.404129 Map: 0 Selected: Player Ядовитая (Guid: 35266)]
2010-06-13 17:47:26 Command: additem 40128 [Player: Тестдва (Account: 372134) X: -8984.893555 Y: 1035.645996 Z: 101.404129 Map: 0 Selected: Player Ядовитая (Guid: 35266)]
2010-06-13 17:47:33 Command: additem 42464 [Player: Тестдва (Account: 372134) X: -8984.893555 Y: 1035.645996 Z: 101.404129 Map: 0 Selected: Player Ядовитая (Guid: 35266)]
2010-06-13 17:47:45 Command: additem 42454 [Player: Тестдва (Account: 372134) X: -8984.893555 Y: 1035.645996 Z: 101.404129 Map: 0 Selected: Player Ядовитая (Guid: 35266)]
2010-06-13 17:47:55 Command: additem 45789 [Player: Тестдва (Account: 372134) X: -8984.893555 Y: 1035.645996 Z: 101.404129 Map: 0 Selected: Player Ядовитая (Guid: 35266)]
2010-06-13 17:48:55 Command: additem 41307 [Player: Тестдва (Account: 372134) X: -8984.893555 Y: 1035.645996 Z: 101.404129 Map: 0 Selected: Player Ядовитая (Guid: 35266)]
2010-06-13 17:51:58 Command: additem 42150 [Player: Тестдва (Account: 372134) X: -8984.893555 Y: 1035.645996 Z: 101.404129 Map: 0 Selected: Player Priestshadow (Guid: 35233)]
2010-06-13 17:52:23 Command: additem 42150 [Player: Тестдва (Account: 372134) X: -8984.893555 Y: 1035.645996 Z: 101.404129 Map: 0 Selected: Player Priestshadow (Guid: 35233)]
2010-06-13 17:52:30 Command: additem 42144 [Player: Тестдва (Account: 372134) X: -8984.893555 Y: 1035.645996 Z: 101.404129 Map: 0 Selected: Player Priestshadow (Guid: 35233)]
2010-06-13 17:52:31 Command: additem 42144 [Player: Тестдва (Account: 372134) X: -8984.893555 Y: 1035.645996 Z: 101.404129 Map: 0 Selected: Player Priestshadow (Guid: 35233)]
2010-06-13 17:52:52 Command: additem 42144 [Player: Тестдва (Account: 372134) X: -8984.893555 Y: 1035.645996 Z: 101.404129 Map: 0 Selected: Player Ядовитая (Guid: 35266)]
2010-06-13 17:52:58 Command: additem 42144 [Player: Тестдва (Account: 372134) X: -8984.893555 Y: 1035.645996 Z: 101.404129 Map: 0 Selected: Player Ядовитая (Guid: 35266)]
2010-06-13 17:53:01 Command: additem 42150 [Player: Тестдва (Account: 372134) X: -8984.893555 Y: 1035.645996 Z: 101.404129 Map: 0 Selected: Player Ядовитая (Guid: 35266)]
2010-06-13 17:53:02 Command: additem 42150 [Player: Тестдва (Account: 372134) X: -8984.893555 Y: 1035.645996 Z: 101.404129 Map: 0 Selected: Player Ядовитая (Guid: 35266)]
2010-06-13 17:53:46 Command: additem 42150 [Player: Тестдва (Account: 372134) X: -8983.396484 Y: 1035.029419 Z: 101.404243 Map: 0 Selected: Player Priestshadow (Guid: 35233)]
2010-06-13 17:54:28 Command: additem 42144 [Player: Тестдва (Account: 372134) X: -8983.396484 Y: 1035.029419 Z: 101.404243 Map: 0 Selected: Player Priestshadow (Guid: 35233)]
2010-06-13 17:54:29 Command: additem 42144 [Player: Тестдва (Account: 372134) X: -8983.396484 Y: 1035.029419 Z: 101.404243 Map: 0 Selected: Player Priestshadow (Guid: 35233)]
2010-06-13 17:57:36 Command: additem 40128 [Player: Тестдва (Account: 372134) X: -8985.428711 Y: 1032.269653 Z: 101.404243 Map: 0 Selected: Player Ядовитая (Guid: 35266)]
2010-06-13 17:57:42 Command: additem 40113 [Player: Тестдва (Account: 372134) X: -8985.428711 Y: 1032.269653 Z: 101.404243 Map: 0 Selected: Player Ядовитая (Guid: 35266)]
2010-06-13 17:57:44 Command: additem 40113 [Player: Тестдва (Account: 372134) X: -8985.428711 Y: 1032.269653 Z: 101.404243 Map: 0 Selected: Player Ядовитая (Guid: 35266)]
2010-06-13 18:00:16 Command: goname Saml [Player: Тестдва (Account: 372134) X: -8984.084961 Y: 1031.054321 Z: 101.404205 Map: 571 Selected: None (Guid: 0)]
2010-06-13 18:01:09 Command: namego Ядовитая [Player: Тестдва (Account: 372134) X: 5722.905273 Y: 686.275391 Z: 645.751404 Map: 571 Selected: None (Guid: 0)]
2010-06-13 18:01:21 Command: mod honor 1000 [Player: Тестдва (Account: 372134) X: 5726.540527 Y: 686.957947 Z: 646.545898 Map: 571 Selected: Player Тестдва (Guid: 33593)]
2010-06-13 18:01:31 Command: namego Priestshadow [Player: Тестдва (Account: 372134) X: 5726.540527 Y: 686.957947 Z: 646.545898 Map: 571 Selected: Player Тестдва (Guid: 33593)]
2010-06-13 18:01:41 Command: mod honor 1000 [Player: Тестдва (Account: 372134) X: 5726.540527 Y: 686.957947 Z: 646.545898 Map: 571 Selected: Player Ядовитая (Guid: 35266)]
2010-06-13 18:01:59 Command: mod honor 1000 [Player: Тестдва (Account: 372134) X: 5726.540527 Y: 686.957947 Z: 646.545898 Map: 571 Selected: Player Priestshadow (Guid: 35233)]
2010-06-13 18:08:34 Command: goname Ядовитая [Player: Тестдва (Account: 372134) X: 5723.062012 Y: 683.812317 Z: 646.173584 Map: 571 Selected: None (Guid: 0)]
2010-06-13 18:09:47 Command: goname Ядовитая [Player: Тестдва (Account: 372134) X: 7646.812988 Y: 918.010925 Z: 481.881134 Map: 571 Selected: None (Guid: 0)]
2010-06-13 18:10:16 Command: goname Ядовитая [Player: Тестдва (Account: 372134) X: 7145.007324 Y: 1245.970459 Z: 300.581573 Map: 571 Selected: None (Guid: 0)]
2010-06-13 18:11:38 Command: goname Ядовитая [Player: Тестдва (Account: 372134) X: 7116.736328 Y: 1221.984985 Z: 299.279907 Map: 571 Selected: Player Ядовитая (Guid: 35266)]
2010-06-13 18:12:34 Command: goname Ядовитая [Player: Тестдва (Account: 372134) X: 7104.718750 Y: 1222.931030 Z: 299.206085 Map: 571 Selected: Player Ядовитая (Guid: 35266)]
2010-06-13 18:12:53 Command: goname Ядовитая [Player: Тестдва (Account: 372134) X: 5801.229980 Y: 723.473389 Z: 640.603821 Map: 571 Selected: Player Ядовитая (Guid: 35266)]
2010-06-13 18:12:56 Command: goname Ядовитая [Player: Тестдва (Account: 372134) X: 5811.248535 Y: 743.173279 Z: 640.530273 Map: 571 Selected: Player Ядовитая (Guid: 35266)]
2010-06-13 18:13:10 Command: goname Ядовитая [Player: Тестдва (Account: 372134) X: 5820.182129 Y: 737.262512 Z: 641.113953 Map: 571 Selected: Player Ядовитая (Guid: 35266)]
2010-06-13 18:13:50 Command: namego Ядовитая [Player: Тестдва (Account: 372134) X: -4613.620117 Y: -915.380005 Z: 501.062012 Map: 0 Selected: None (Guid: 0)]
2010-06-13 18:16:19 Command: learn 25112 spell [Player: Тестдва (Account: 372134) X: -4614.645508 Y: -913.222961 Z: 501.062103 Map: 0 Selected: Player Ядовитая (Guid: 35266)]
2010-06-13 18:16:52 Command: learn 691 spell [Player: Тестдва (Account: 372134) X: -4615.858398 Y: -912.168884 Z: 501.062103 Map: 0 Selected: Player Ядовитая (Guid: 35266)]
2010-06-13 18:17:15 Command: learn 712 spell [Player: Тестдва (Account: 372134) X: -4613.223145 Y: -914.494446 Z: 501.062103 Map: 0 Selected: Player Ядовитая (Guid: 35266)]
2010-06-13 18:17:54 Command: goname Priestshadow [Player: Тестдва (Account: 372134) X: -4618.370117 Y: -917.034546 Z: 501.062408 Map: 0 Selected: None (Guid: 0)]
2010-06-13 18:18:06 Command: namego Ядовитая [Player: Тестдва (Account: 372134) X: -8391.115234 Y: 276.138702 Z: 120.885162 Map: 0 Selected: None (Guid: 0)]
2010-06-13 20:39:39 Command: gm in g [Player: Торквемада (Account: 68061) X: 1407.489990 Y: -4363.180176 Z: 25.462299 Map: 1 Selected: None (Guid: 0)]
2010-06-13 20:39:41 Command: tic [Player: Торквемада (Account: 68061) X: 1407.489990 Y: -4363.180176 Z: 25.462299 Map: 1 Selected: None (Guid: 0)]
2010-06-13 20:40:13 Command: gu inv Торквемада "Chemical Crew" [Player: Торквемада (Account: 68061) X: 1407.489990 Y: -4363.180176 Z: 25.462299 Map: 1 Selected: None (Guid: 0)]
2010-06-13 20:40:29 Command: gu r Торквемада 1 [Player: Торквемада (Account: 68061) X: 1428.488647 Y: -4361.632812 Z: 25.462299 Map: 1 Selected: None (Guid: 0)]
2010-06-13 20:40:38 Command: gu r Торквемада 2 [Player: Торквемада (Account: 68061) X: 1400.296143 Y: -4363.486816 Z: 25.462374 Map: 1 Selected: None (Guid: 0)]
2010-06-13 20:40:41 Command: gu r Торквемада 1 [Player: Торквемада (Account: 68061) X: 1379.041260 Y: -4367.653320 Z: 26.028023 Map: 1 Selected: None (Guid: 0)]
2010-06-13 20:41:19 Command: gm on [Player: Торквемада (Account: 68061) X: 1602.417358 Y: -4397.069824 Z: 9.437387 Map: 1 Selected: Player Sitrek (Guid: 8239)]
2010-06-13 20:41:19 Command: gm vis off [Player: Торквемада (Account: 68061) X: 1602.417358 Y: -4397.069824 Z: 9.437387 Map: 1 Selected: Player Sitrek (Guid: 8239)]
2010-06-13 20:41:19 Command: whispers off [Player: Торквемада (Account: 68061) X: 1602.417358 Y: -4397.069824 Z: 9.437387 Map: 1 Selected: Player Sitrek (Guid: 8239)]
2010-06-13 20:41:19 Command: gm chat on [Player: Торквемада (Account: 68061) X: 1602.417358 Y: -4397.069824 Z: 9.437387 Map: 1 Selected: Player Sitrek (Guid: 8239)]
2010-06-13 20:42:29 Command: gm off [Player: Торквемада (Account: 68061) X: 1579.096191 Y: -4406.343750 Z: 5.865940 Map: 1 Selected: Player Укропчик (Guid: 8010)]
2010-06-13 20:42:29 Command: gm vis on [Player: Торквемада (Account: 68061) X: 1579.096191 Y: -4406.343750 Z: 5.865940 Map: 1 Selected: Player Укропчик (Guid: 8010)]
2010-06-13 20:42:29 Command: whispers on [Player: Торквемада (Account: 68061) X: 1579.096191 Y: -4406.343750 Z: 5.865940 Map: 1 Selected: Player Укропчик (Guid: 8010)]
2010-06-13 20:42:29 Command: gm chat off [Player: Торквемада (Account: 68061) X: 1579.096191 Y: -4406.343750 Z: 5.865940 Map: 1 Selected: Player Укропчик (Guid: 8010)]
2010-06-13 20:42:29 Command: mod asp 1 [Player: Торквемада (Account: 68061) X: 1579.096191 Y: -4406.343750 Z: 5.865940 Map: 1 Selected: Player Торквемада (Guid: 191)]
2010-06-13 20:42:29 Command: gm fly off [Player: Торквемада (Account: 68061) X: 1579.096191 Y: -4406.343750 Z: 5.865940 Map: 1 Selected: Player Торквемада (Guid: 191)]
2010-06-13 20:42:43 Command: gm on [Player: Торквемада (Account: 68061) X: 1438.447144 Y: -4402.494141 Z: 25.462597 Map: 1 Selected: Player Торквемада (Guid: 191)]
2010-06-13 20:42:43 Command: gm vis off [Player: Торквемада (Account: 68061) X: 1438.447144 Y: -4402.494141 Z: 25.462597 Map: 1 Selected: Player Торквемада (Guid: 191)]
2010-06-13 20:42:43 Command: whispers off [Player: Торквемада (Account: 68061) X: 1438.447144 Y: -4402.494141 Z: 25.462597 Map: 1 Selected: Player Торквемада (Guid: 191)]
2010-06-13 20:42:43 Command: gm chat on [Player: Торквемада (Account: 68061) X: 1438.447144 Y: -4402.494141 Z: 25.462597 Map: 1 Selected: Player Торквемада (Guid: 191)]
2010-06-13 20:42:46 Command: goname Мэддок [Player: Торквемада (Account: 68061) X: 1428.066528 Y: -4373.332031 Z: 25.462597 Map: 571 Selected: None (Guid: 0)]
2010-06-13 20:43:53 Command: goname Мэддок [Player: Торквемада (Account: 68061) X: 5755.327637 Y: 253.484375 Z: 174.103577 Map: 571 Selected: None (Guid: 0)]
2010-06-13 20:44:07 Command: goname Мэддок [Player: Торквемада (Account: 68061) X: 5846.543945 Y: 623.136780 Z: 171.734589 Map: 571 Selected: None (Guid: 0)]
2010-06-13 20:44:08 Command: goname Мэддок [Player: Торквемада (Account: 68061) X: 5760.299805 Y: 533.261414 Z: 161.274994 Map: 571 Selected: None (Guid: 0)]
2010-06-13 20:44:08 Command: goname Мэддок [Player: Торквемада (Account: 68061) X: 5753.547852 Y: 528.325012 Z: 158.831619 Map: 571 Selected: None (Guid: 0)]
2010-06-13 20:44:09 Command: goname Мэддок [Player: Торквемада (Account: 68061) X: 5753.547852 Y: 528.325012 Z: 158.831558 Map: 571 Selected: None (Guid: 0)]
2010-06-13 20:44:10 Command: goname Мэддок [Player: Торквемада (Account: 68061) X: 5742.692383 Y: 520.943787 Z: 159.809860 Map: 571 Selected: None (Guid: 0)]
2010-06-13 20:44:11 Command: goname Мэддок [Player: Торквемада (Account: 68061) X: 5728.706055 Y: 511.523773 Z: 160.240936 Map: 571 Selected: None (Guid: 0)]
2010-06-13 20:44:11 Command: goname Мэддок [Player: Торквемада (Account: 68061) X: 5722.913574 Y: 507.625641 Z: 159.864532 Map: 571 Selected: None (Guid: 0)]
2010-06-13 20:44:12 Command: goname Мэддок [Player: Торквемада (Account: 68061) X: 5722.913574 Y: 507.625549 Z: 159.864532 Map: 571 Selected: None (Guid: 0)]
2010-06-13 20:44:12 Command: goname Мэддок [Player: Торквемада (Account: 68061) X: 5722.913574 Y: 507.626465 Z: 159.864517 Map: 571 Selected: None (Guid: 0)]
2010-06-13 20:44:12 Command: goname Мэддок [Player: Торквемада (Account: 68061) X: 5713.461426 Y: 501.266296 Z: 159.765060 Map: 571 Selected: None (Guid: 0)]
2010-06-13 20:44:12 Command: goname Мэддок [Player: Торквемада (Account: 68061) X: 5713.461426 Y: 501.266235 Z: 159.765060 Map: 571 Selected: None (Guid: 0)]
2010-06-13 20:44:13 Command: goname Мэддок [Player: Торквемада (Account: 68061) X: 5713.461426 Y: 501.266205 Z: 159.715027 Map: 571 Selected: None (Guid: 0)]
2010-06-13 20:44:13 Command: goname Мэддок [Player: Торквемада (Account: 68061) X: 5709.105469 Y: 498.335602 Z: 160.024597 Map: 571 Selected: None (Guid: 0)]
2010-06-13 20:44:13 Command: goname Мэддок [Player: Торквемада (Account: 68061) X: 5707.019531 Y: 496.932129 Z: 160.214539 Map: 571 Selected: None (Guid: 0)]
2010-06-13 20:44:14 Command: goname Мэддок [Player: Торквемада (Account: 68061) X: 5707.019531 Y: 496.932098 Z: 160.214661 Map: 571 Selected: None (Guid: 0)]
2010-06-13 20:44:17 Command: gm on [Player: Торквемада (Account: 68061) X: 5683.721680 Y: 475.963043 Z: 160.068222 Map: 571 Selected: None (Guid: 0)]
2010-06-13 20:44:17 Command: gm vis off [Player: Торквемада (Account: 68061) X: 5683.721680 Y: 475.963043 Z: 160.068222 Map: 571 Selected: None (Guid: 0)]
2010-06-13 20:44:17 Command: whispers off [Player: Торквемада (Account: 68061) X: 5683.721680 Y: 475.963043 Z: 160.068222 Map: 571 Selected: None (Guid: 0)]
2010-06-13 20:44:17 Command: gm chat on [Player: Торквемада (Account: 68061) X: 5683.721680 Y: 475.963043 Z: 160.068222 Map: 571 Selected: None (Guid: 0)]
2010-06-13 20:44:20 Command: goname Мэддок [Player: Торквемада (Account: 68061) X: 5664.273438 Y: 455.819244 Z: 157.840179 Map: 571 Selected: None (Guid: 0)]
2010-06-13 20:44:20 Command: goname Мэддок [Player: Торквемада (Account: 68061) X: 5651.101074 Y: 443.499451 Z: 156.677551 Map: 571 Selected: None (Guid: 0)]
2010-06-13 20:44:21 Command: goname Мэддок [Player: Торквемада (Account: 68061) X: 5648.861816 Y: 440.784576 Z: 156.504425 Map: 571 Selected: None (Guid: 0)]
2010-06-13 20:44:27 Command: goname Мэддок [Player: Торквемада (Account: 68061) X: 5617.759766 Y: 407.279236 Z: 155.881195 Map: 571 Selected: None (Guid: 0)]
2010-06-13 20:44:28 Command: goname Мэддок [Player: Торквемада (Account: 68061) X: 5606.939453 Y: 379.182861 Z: 155.211761 Map: 571 Selected: None (Guid: 0)]
2010-06-13 20:44:29 Command: goname Мэддок [Player: Торквемада (Account: 68061) X: 5621.635742 Y: 371.321869 Z: 159.241486 Map: 571 Selected: None (Guid: 0)]
2010-06-13 20:44:30 Command: goname Мэддок [Player: Торквемада (Account: 68061) X: 5606.885742 Y: 358.895721 Z: 154.573776 Map: 571 Selected: None (Guid: 0)]
2010-06-13 20:45:03 Command: goname Мэддок [Player: Торквемада (Account: 68061) X: 5606.313477 Y: 132.780991 Z: 151.598907 Map: 571 Selected: Player Мэддок (Guid: 33985)]
2010-06-13 20:45:03 Command: goname Мэддок [Player: Торквемада (Account: 68061) X: 5595.547363 Y: 155.030670 Z: 180.967606 Map: 571 Selected: Player Мэддок (Guid: 33985)]
2010-06-13 20:45:05 Command: goname Мэддок [Player: Торквемада (Account: 68061) X: 5595.547363 Y: 155.030655 Z: 161.676498 Map: 571 Selected: Player Мэддок (Guid: 33985)]
2010-06-13 20:45:07 Command: goname Мэддок [Player: Торквемада (Account: 68061) X: 5595.547363 Y: 155.030655 Z: 171.387405 Map: 571 Selected: Player Мэддок (Guid: 33985)]
2010-06-13 20:45:09 Command: goname Мэддок [Player: Торквемада (Account: 68061) X: 5596.180176 Y: 207.265350 Z: 243.891388 Map: 571 Selected: Player Мэддок (Guid: 33985)]
2010-06-13 20:45:14 Command: goname Мэддок [Player: Торквемада (Account: 68061) X: 5599.196289 Y: 212.283936 Z: 275.856079 Map: 571 Selected: Player Мэддок (Guid: 33985)]
2010-06-13 20:45:15 Command: goname Мэддок [Player: Торквемада (Account: 68061) X: 5604.543457 Y: 219.059052 Z: 363.255707 Map: 571 Selected: Player Мэддок (Guid: 33985)]
2010-06-13 20:45:16 Command: goname Мэддок [Player: Торквемада (Account: 68061) X: 5604.543457 Y: 219.059097 Z: 380.755707 Map: 571 Selected: Player Мэддок (Guid: 33985)]
2010-06-13 20:46:59 Command: tic [Player: Торквемада (Account: 68061) X: 5840.325684 Y: 693.335449 Z: 642.399841 Map: 571 Selected: None (Guid: 0)]
2010-06-13 20:47:01 Command: tic 1 [Player: Торквемада (Account: 68061) X: 5848.139648 Y: 689.832947 Z: 642.751587 Map: 571 Selected: None (Guid: 0)]
2010-06-13 23:38:53 Command: tic [Player: Торквемадаа (Account: 68061) X: 10583.785156 Y: 1902.612549 Z: 1315.772827 Map: 1 Selected: None (Guid: 0)]
2010-06-13 23:38:55 Command: gm in g [Player: Торквемадаа (Account: 68061) X: 10577.455078 Y: 1901.346191 Z: 1315.827881 Map: 1 Selected: None (Guid: 0)]
2010-06-13 23:39:11 Command: tele orgr [Player: Торквемадаа (Account: 68061) X: 10498.594727 Y: 1872.974487 Z: 1313.582275 Map: 1 Selected: None (Guid: 0)]
2010-06-13 23:44:01 Command: gm off [Player: Торквемада (Account: 68061) X: 5873.249512 Y: 665.234802 Z: 644.158875 Map: 571 Selected: None (Guid: 0)]
2010-06-13 23:44:01 Command: gm vis on [Player: Торквемада (Account: 68061) X: 5873.249512 Y: 665.234802 Z: 644.158875 Map: 571 Selected: None (Guid: 0)]
2010-06-13 23:44:01 Command: whispers on [Player: Торквемада (Account: 68061) X: 5873.249512 Y: 665.234802 Z: 644.158875 Map: 571 Selected: None (Guid: 0)]
2010-06-13 23:44:01 Command: gm chat off [Player: Торквемада (Account: 68061) X: 5873.249512 Y: 665.234802 Z: 644.158875 Map: 571 Selected: None (Guid: 0)]
2010-06-13 23:44:01 Command: mod asp 1 [Player: Торквемада (Account: 68061) X: 5873.249512 Y: 665.234802 Z: 644.158875 Map: 571 Selected: Player Торквемада (Guid: 191)]
2010-06-13 23:44:01 Command: gm fly off [Player: Торквемада (Account: 68061) X: 5873.249512 Y: 665.234802 Z: 644.158875 Map: 571 Selected: Player Торквемада (Guid: 191)]
